
SQL*Loader: Release 11.2.0.1.0 - Production on Sun Nov 9 17:34:09 2014

Copyright (c) 1982, 2009, Oracle and/or its affiliates.  All rights reserved.

Control File:   control_teams.txt
Data File:      teams.dat
  Bad File:     teams.bad
  Discard File:  none specified
 
 (Allow all discards)

Number to load: ALL
Number to skip: 0
Errors allowed: 50
Bind array:     64 rows, maximum of 256000 bytes
Continuation:    none specified
Path used:      Conventional

Table TEAMS, loaded from every logical record.
Insert option in effect for this table: APPEND

   Column Name                  Position   Len  Term Encl Datatype
------------------------------ ---------- ----- ---- ---- ---------------------
TEAM_NAME                           FIRST     *   ,       CHARACTER            
COACH                                NEXT     *   ,       CHARACTER            
CONFERENCE                           NEXT     *   ,       CHARACTER            
DIVISION                             NEXT     *   ,       CHARACTER            


Table TEAMS:
  32 Rows successfully loaded.
  0 Rows not loaded due to data errors.
  0 Rows not loaded because all WHEN clauses were failed.
  0 Rows not loaded because all fields were null.


Space allocated for bind array:                  66048 bytes(64 rows)
Read   buffer bytes: 1048576

Total logical records skipped:          0
Total logical records read:            32
Total logical records rejected:         0
Total logical records discarded:        0

Run began on Sun Nov 09 17:34:09 2014
Run ended on Sun Nov 09 17:34:09 2014

Elapsed time was:     00:00:00.17
CPU time was:         00:00:00.04
